<?xml version="1.0" encoding="UTF-8"?>
<testsuite name="Circle Tests:" tests="14" skipped="0" failures="0" errors="0" timestamp="2026-06-13T10:43:56.424Z" hostname="DESKTOP-57LBCVM" time="0.089">
  <properties/>
  <testcase name="toString contains the color value" classname="CircleTest" time="0.029"/>
  <testcase name="getColor returns the color set at construction" classname="CircleTest" time="0.003"/>
  <testcase name="toString is not null or empty" classname="CircleTest" time="0.005"/>
  <testcase name="setRadius to a very large value is stored correctly" classname="CircleTest" time="0.001"/>
  <testcase name="toString contains the radius value" classname="CircleTest" time="0.005"/>
  <testcase name="Single-arg constructor defaults color to white" classname="CircleTest" time="0.001"/>
  <testcase name="Two-arg constructor sets color correctly" classname="CircleTest" time="0.0"/>
  <testcase name="Single-arg constructor sets radius correctly" classname="CircleTest" time="0.0"/>
  <testcase name="setRadius updates the radius" classname="CircleTest" time="0.001"/>
  <testcase name="Radius survives multiple consecutive setRadius calls" classname="CircleTest" time="0.002"/>
  <testcase name="getRadius returns the current radius" classname="CircleTest" time="0.001"/>
  <testcase name="Circle is a subclass of Shape" classname="CircleTest" time="0.002"/>
  <testcase name="setRadius to zero is accepted by the setter" classname="CircleTest" time="0.001"/>
  <testcase name="Two-arg constructor sets radius correctly" classname="CircleTest" time="0.0"/>
  <system-out><![CDATA[]]></system-out>
  <system-err><![CDATA[]]></system-err>
</testsuite>
